

===========================<<<< 2024-08-04 20:58:00 PM >>>>=======================

* Heading: Method complete_action has returned false 
* Current Page: https://app.humandesign.ai/wp-json/uap/v2/uap-377443-377444 

===========================<<<< TRACE MESSAGE START >>>>=========================

Array
(
    [0] => Action was skipped by uap_before_action_executed filter
)


===========================<<<< TRACE MESSAGE END >>>>==========================




===========================<<<< 2024-08-04 20:58:00 PM >>>>=======================

* Heading: Method complete_action has returned false 
* Current Page: https://app.humandesign.ai/wp-json/uap/v2/uap-377443-377444 

===========================<<<< TRACE MESSAGE START >>>>=========================

Array
(
    [0] => Action was skipped by uap_before_action_executed filter
    [1] => Action was skipped by uap_before_action_executed filter
)


===========================<<<< TRACE MESSAGE END >>>>==========================




===========================<<<< 2024-08-04 20:58:00 PM >>>>=======================

* Heading: Method complete_action has returned false 
* Current Page: https://app.humandesign.ai/wp-json/uap/v2/uap-377443-377444 

===========================<<<< TRACE MESSAGE START >>>>=========================

Array
(
    [0] => Action was skipped by uap_before_action_executed filter
    [1] => Action was skipped by uap_before_action_executed filter
    [2] => Action was skipped by uap_before_action_executed filter
)


===========================<<<< TRACE MESSAGE END >>>>==========================




===========================<<<< 2024-08-04 20:58:00 PM >>>>=======================

* Heading: Method complete_action has returned false 
* Current Page: https://app.humandesign.ai/wp-json/uap/v2/uap-377443-377444 

===========================<<<< TRACE MESSAGE START >>>>=========================

Array
(
    [0] => Action was skipped by uap_before_action_executed filter
    [1] => Action was skipped by uap_before_action_executed filter
    [2] => Action was skipped by uap_before_action_executed filter
    [3] => Action was skipped by uap_before_action_executed filter
)


===========================<<<< TRACE MESSAGE END >>>>==========================




===========================<<<< 2024-08-04 20:58:00 PM >>>>=======================

* Heading: Method complete_action has returned false 
* Current Page: https://app.humandesign.ai/wp-json/uap/v2/uap-377443-377444 

===========================<<<< TRACE MESSAGE START >>>>=========================

Array
(
    [0] => Action was skipped by uap_before_action_executed filter
    [1] => Action was skipped by uap_before_action_executed filter
    [2] => Action was skipped by uap_before_action_executed filter
    [3] => Action was skipped by uap_before_action_executed filter
    [4] => Action was skipped by uap_before_action_executed filter
)


===========================<<<< TRACE MESSAGE END >>>>==========================




===========================<<<< 2024-08-04 20:58:00 PM >>>>=======================

* Heading: Method complete_action has returned false 
* Current Page: https://app.humandesign.ai/wp-json/uap/v2/uap-377443-377444 

===========================<<<< TRACE MESSAGE START >>>>=========================

Array
(
    [0] => Action was skipped by uap_before_action_executed filter
    [1] => Action was skipped by uap_before_action_executed filter
    [2] => Action was skipped by uap_before_action_executed filter
    [3] => Action was skipped by uap_before_action_executed filter
    [4] => Action was skipped by uap_before_action_executed filter
    [5] => Action was skipped by uap_before_action_executed filter
)


===========================<<<< TRACE MESSAGE END >>>>==========================




===========================<<<< 2024-08-04 20:58:00 PM >>>>=======================

* Heading: Method complete_action has returned false 
* Current Page: https://app.humandesign.ai/wp-json/uap/v2/uap-377443-377444 

===========================<<<< TRACE MESSAGE START >>>>=========================

Array
(
    [0] => Action was skipped by uap_before_action_executed filter
    [1] => Action was skipped by uap_before_action_executed filter
    [2] => Action was skipped by uap_before_action_executed filter
    [3] => Action was skipped by uap_before_action_executed filter
    [4] => Action was skipped by uap_before_action_executed filter
    [5] => Action was skipped by uap_before_action_executed filter
    [6] => Action was skipped by uap_before_action_executed filter
)


===========================<<<< TRACE MESSAGE END >>>>==========================




===========================<<<< 2024-08-04 20:58:00 PM >>>>=======================

* Heading: Method complete_action has returned false 
* Current Page: https://app.humandesign.ai/wp-json/uap/v2/uap-377443-377444 

===========================<<<< TRACE MESSAGE START >>>>=========================

Array
(
    [0] => Action was skipped by uap_before_action_executed filter
    [1] => Action was skipped by uap_before_action_executed filter
    [2] => Action was skipped by uap_before_action_executed filter
    [3] => Action was skipped by uap_before_action_executed filter
    [4] => Action was skipped by uap_before_action_executed filter
    [5] => Action was skipped by uap_before_action_executed filter
    [6] => Action was skipped by uap_before_action_executed filter
    [7] => Action was skipped by uap_before_action_executed filter
)


===========================<<<< TRACE MESSAGE END >>>>==========================




===========================<<<< 2024-08-04 22:06:49 PM >>>>=======================

* Heading: Method complete_action has returned false 
* Current Page: https://app.humandesign.ai/wp-json/uap/v2/uap-377443-377444 

===========================<<<< TRACE MESSAGE START >>>>=========================

Array
(
    [0] => Action was skipped by uap_before_action_executed filter
)


===========================<<<< TRACE MESSAGE END >>>>==========================




===========================<<<< 2024-08-04 22:06:49 PM >>>>=======================

* Heading: Method complete_action has returned false 
* Current Page: https://app.humandesign.ai/wp-json/uap/v2/uap-377443-377444 

===========================<<<< TRACE MESSAGE START >>>>=========================

Array
(
    [0] => Action was skipped by uap_before_action_executed filter
    [1] => Action was skipped by uap_before_action_executed filter
)


===========================<<<< TRACE MESSAGE END >>>>==========================




===========================<<<< 2024-08-04 22:06:49 PM >>>>=======================

* Heading: Method complete_action has returned false 
* Current Page: https://app.humandesign.ai/wp-json/uap/v2/uap-377443-377444 

===========================<<<< TRACE MESSAGE START >>>>=========================

Array
(
    [0] => Action was skipped by uap_before_action_executed filter
    [1] => Action was skipped by uap_before_action_executed filter
    [2] => Action was skipped by uap_before_action_executed filter
)


===========================<<<< TRACE MESSAGE END >>>>==========================




===========================<<<< 2024-08-04 22:06:49 PM >>>>=======================

* Heading: Method complete_action has returned false 
* Current Page: https://app.humandesign.ai/wp-json/uap/v2/uap-377443-377444 

===========================<<<< TRACE MESSAGE START >>>>=========================

Array
(
    [0] => Action was skipped by uap_before_action_executed filter
    [1] => Action was skipped by uap_before_action_executed filter
    [2] => Action was skipped by uap_before_action_executed filter
    [3] => Action was skipped by uap_before_action_executed filter
)


===========================<<<< TRACE MESSAGE END >>>>==========================




===========================<<<< 2024-08-04 22:06:49 PM >>>>=======================

* Heading: Method complete_action has returned false 
* Current Page: https://app.humandesign.ai/wp-json/uap/v2/uap-377443-377444 

===========================<<<< TRACE MESSAGE START >>>>=========================

Array
(
    [0] => Action was skipped by uap_before_action_executed filter
    [1] => Action was skipped by uap_before_action_executed filter
    [2] => Action was skipped by uap_before_action_executed filter
    [3] => Action was skipped by uap_before_action_executed filter
    [4] => Action was skipped by uap_before_action_executed filter
)


===========================<<<< TRACE MESSAGE END >>>>==========================




===========================<<<< 2024-08-04 22:06:49 PM >>>>=======================

* Heading: Method complete_action has returned false 
* Current Page: https://app.humandesign.ai/wp-json/uap/v2/uap-377443-377444 

===========================<<<< TRACE MESSAGE START >>>>=========================

Array
(
    [0] => Action was skipped by uap_before_action_executed filter
    [1] => Action was skipped by uap_before_action_executed filter
    [2] => Action was skipped by uap_before_action_executed filter
    [3] => Action was skipped by uap_before_action_executed filter
    [4] => Action was skipped by uap_before_action_executed filter
    [5] => Action was skipped by uap_before_action_executed filter
)


===========================<<<< TRACE MESSAGE END >>>>==========================




===========================<<<< 2024-08-04 22:06:49 PM >>>>=======================

* Heading: Method complete_action has returned false 
* Current Page: https://app.humandesign.ai/wp-json/uap/v2/uap-377443-377444 

===========================<<<< TRACE MESSAGE START >>>>=========================

Array
(
    [0] => Action was skipped by uap_before_action_executed filter
    [1] => Action was skipped by uap_before_action_executed filter
    [2] => Action was skipped by uap_before_action_executed filter
    [3] => Action was skipped by uap_before_action_executed filter
    [4] => Action was skipped by uap_before_action_executed filter
    [5] => Action was skipped by uap_before_action_executed filter
    [6] => Action was skipped by uap_before_action_executed filter
)


===========================<<<< TRACE MESSAGE END >>>>==========================




===========================<<<< 2024-08-04 22:06:49 PM >>>>=======================

* Heading: Method complete_action has returned false 
* Current Page: https://app.humandesign.ai/wp-json/uap/v2/uap-377443-377444 

===========================<<<< TRACE MESSAGE START >>>>=========================

Array
(
    [0] => Action was skipped by uap_before_action_executed filter
    [1] => Action was skipped by uap_before_action_executed filter
    [2] => Action was skipped by uap_before_action_executed filter
    [3] => Action was skipped by uap_before_action_executed filter
    [4] => Action was skipped by uap_before_action_executed filter
    [5] => Action was skipped by uap_before_action_executed filter
    [6] => Action was skipped by uap_before_action_executed filter
    [7] => Action was skipped by uap_before_action_executed filter
)


===========================<<<< TRACE MESSAGE END >>>>==========================




===========================<<<< 2024-08-05 07:31:58 AM >>>>=======================

* Heading: Method complete_action has returned false 
* Current Page: https://app.humandesign.ai/wp-json/uap/v2/uap-377443-377444 

===========================<<<< TRACE MESSAGE START >>>>=========================

Array
(
    [0] => Action was skipped by uap_before_action_executed filter
)


===========================<<<< TRACE MESSAGE END >>>>==========================




===========================<<<< 2024-08-05 07:31:58 AM >>>>=======================

* Heading: Method complete_action has returned false 
* Current Page: https://app.humandesign.ai/wp-json/uap/v2/uap-377443-377444 

===========================<<<< TRACE MESSAGE START >>>>=========================

Array
(
    [0] => Action was skipped by uap_before_action_executed filter
    [1] => Action was skipped by uap_before_action_executed filter
)


===========================<<<< TRACE MESSAGE END >>>>==========================




===========================<<<< 2024-08-05 07:31:58 AM >>>>=======================

* Heading: Method complete_action has returned false 
* Current Page: https://app.humandesign.ai/wp-json/uap/v2/uap-377443-377444 

===========================<<<< TRACE MESSAGE START >>>>=========================

Array
(
    [0] => Action was skipped by uap_before_action_executed filter
    [1] => Action was skipped by uap_before_action_executed filter
    [2] => Action was skipped by uap_before_action_executed filter
)


===========================<<<< TRACE MESSAGE END >>>>==========================




===========================<<<< 2024-08-05 07:31:58 AM >>>>=======================

* Heading: Method complete_action has returned false 
* Current Page: https://app.humandesign.ai/wp-json/uap/v2/uap-377443-377444 

===========================<<<< TRACE MESSAGE START >>>>=========================

Array
(
    [0] => Action was skipped by uap_before_action_executed filter
    [1] => Action was skipped by uap_before_action_executed filter
    [2] => Action was skipped by uap_before_action_executed filter
    [3] => Action was skipped by uap_before_action_executed filter
)


===========================<<<< TRACE MESSAGE END >>>>==========================




===========================<<<< 2024-08-05 07:31:58 AM >>>>=======================

* Heading: Method complete_action has returned false 
* Current Page: https://app.humandesign.ai/wp-json/uap/v2/uap-377443-377444 

===========================<<<< TRACE MESSAGE START >>>>=========================

Array
(
    [0] => Action was skipped by uap_before_action_executed filter
    [1] => Action was skipped by uap_before_action_executed filter
    [2] => Action was skipped by uap_before_action_executed filter
    [3] => Action was skipped by uap_before_action_executed filter
    [4] => Action was skipped by uap_before_action_executed filter
)


===========================<<<< TRACE MESSAGE END >>>>==========================




===========================<<<< 2024-08-05 07:31:58 AM >>>>=======================

* Heading: Method complete_action has returned false 
* Current Page: https://app.humandesign.ai/wp-json/uap/v2/uap-377443-377444 

===========================<<<< TRACE MESSAGE START >>>>=========================

Array
(
    [0] => Action was skipped by uap_before_action_executed filter
    [1] => Action was skipped by uap_before_action_executed filter
    [2] => Action was skipped by uap_before_action_executed filter
    [3] => Action was skipped by uap_before_action_executed filter
    [4] => Action was skipped by uap_before_action_executed filter
    [5] => Action was skipped by uap_before_action_executed filter
)


===========================<<<< TRACE MESSAGE END >>>>==========================




===========================<<<< 2024-08-05 07:31:58 AM >>>>=======================

* Heading: Method complete_action has returned false 
* Current Page: https://app.humandesign.ai/wp-json/uap/v2/uap-377443-377444 

===========================<<<< TRACE MESSAGE START >>>>=========================

Array
(
    [0] => Action was skipped by uap_before_action_executed filter
    [1] => Action was skipped by uap_before_action_executed filter
    [2] => Action was skipped by uap_before_action_executed filter
    [3] => Action was skipped by uap_before_action_executed filter
    [4] => Action was skipped by uap_before_action_executed filter
    [5] => Action was skipped by uap_before_action_executed filter
    [6] => Action was skipped by uap_before_action_executed filter
)


===========================<<<< TRACE MESSAGE END >>>>==========================




===========================<<<< 2024-08-05 07:31:58 AM >>>>=======================

* Heading: Method complete_action has returned false 
* Current Page: https://app.humandesign.ai/wp-json/uap/v2/uap-377443-377444 

===========================<<<< TRACE MESSAGE START >>>>=========================

Array
(
    [0] => Action was skipped by uap_before_action_executed filter
    [1] => Action was skipped by uap_before_action_executed filter
    [2] => Action was skipped by uap_before_action_executed filter
    [3] => Action was skipped by uap_before_action_executed filter
    [4] => Action was skipped by uap_before_action_executed filter
    [5] => Action was skipped by uap_before_action_executed filter
    [6] => Action was skipped by uap_before_action_executed filter
    [7] => Action was skipped by uap_before_action_executed filter
)


===========================<<<< TRACE MESSAGE END >>>>==========================




===========================<<<< 2024-08-05 07:38:30 AM >>>>=======================

* Heading: Method complete_action has returned false 
* Current Page: https://app.humandesign.ai/wp-json/uap/v2/uap-395259-395260 

===========================<<<< TRACE MESSAGE START >>>>=========================

Array
(
    [0] => Action was skipped by uap_before_action_executed filter
)


===========================<<<< TRACE MESSAGE END >>>>==========================




===========================<<<< 2024-08-05 07:38:30 AM >>>>=======================

* Heading: Method complete_action has returned false 
* Current Page: https://app.humandesign.ai/wp-json/uap/v2/uap-395259-395260 

===========================<<<< TRACE MESSAGE START >>>>=========================

Array
(
    [0] => Action was skipped by uap_before_action_executed filter
    [1] => Action was skipped by uap_before_action_executed filter
)


===========================<<<< TRACE MESSAGE END >>>>==========================




===========================<<<< 2024-08-05 07:38:30 AM >>>>=======================

* Heading: Method complete_action has returned false 
* Current Page: https://app.humandesign.ai/wp-json/uap/v2/uap-395259-395260 

===========================<<<< TRACE MESSAGE START >>>>=========================

Array
(
    [0] => Action was skipped by uap_before_action_executed filter
    [1] => Action was skipped by uap_before_action_executed filter
)


===========================<<<< TRACE MESSAGE END >>>>==========================




===========================<<<< 2024-08-05 07:38:30 AM >>>>=======================

* Heading: Method complete_action has returned false 
* Current Page: https://app.humandesign.ai/wp-json/uap/v2/uap-395259-395260 

===========================<<<< TRACE MESSAGE START >>>>=========================

Array
(
    [0] => Action was skipped by uap_before_action_executed filter
    [1] => Action was skipped by uap_before_action_executed filter
    [2] => Action was skipped by uap_before_action_executed filter
)


===========================<<<< TRACE MESSAGE END >>>>==========================




===========================<<<< 2024-08-05 07:38:30 AM >>>>=======================

* Heading: Method complete_action has returned false 
* Current Page: https://app.humandesign.ai/wp-json/uap/v2/uap-395259-395260 

===========================<<<< TRACE MESSAGE START >>>>=========================

Array
(
    [0] => Action was skipped by uap_before_action_executed filter
    [1] => Action was skipped by uap_before_action_executed filter
    [2] => Action was skipped by uap_before_action_executed filter
    [3] => Action was skipped by uap_before_action_executed filter
)


===========================<<<< TRACE MESSAGE END >>>>==========================




===========================<<<< 2024-08-05 07:38:30 AM >>>>=======================

* Heading: Method complete_action has returned false 
* Current Page: https://app.humandesign.ai/wp-json/uap/v2/uap-395259-395260 

===========================<<<< TRACE MESSAGE START >>>>=========================

Array
(
    [0] => Action was skipped by uap_before_action_executed filter
    [1] => Action was skipped by uap_before_action_executed filter
    [2] => Action was skipped by uap_before_action_executed filter
    [3] => Action was skipped by uap_before_action_executed filter
    [4] => Action was skipped by uap_before_action_executed filter
)


===========================<<<< TRACE MESSAGE END >>>>==========================




===========================<<<< 2024-08-05 07:38:30 AM >>>>=======================

* Heading: Method complete_action has returned false 
* Current Page: https://app.humandesign.ai/wp-json/uap/v2/uap-395259-395260 

===========================<<<< TRACE MESSAGE START >>>>=========================

Array
(
    [0] => Action was skipped by uap_before_action_executed filter
    [1] => Action was skipped by uap_before_action_executed filter
    [2] => Action was skipped by uap_before_action_executed filter
    [3] => Action was skipped by uap_before_action_executed filter
    [4] => Action was skipped by uap_before_action_executed filter
    [5] => Action was skipped by uap_before_action_executed filter
)


===========================<<<< TRACE MESSAGE END >>>>==========================




===========================<<<< 2024-08-05 07:38:30 AM >>>>=======================

* Heading: Method complete_action has returned false 
* Current Page: https://app.humandesign.ai/wp-json/uap/v2/uap-395259-395260 

===========================<<<< TRACE MESSAGE START >>>>=========================

Array
(
    [0] => Action was skipped by uap_before_action_executed filter
    [1] => Action was skipped by uap_before_action_executed filter
    [2] => Action was skipped by uap_before_action_executed filter
    [3] => Action was skipped by uap_before_action_executed filter
    [4] => Action was skipped by uap_before_action_executed filter
    [5] => Action was skipped by uap_before_action_executed filter
    [6] => Action was skipped by uap_before_action_executed filter
)


===========================<<<< TRACE MESSAGE END >>>>==========================




===========================<<<< 2024-08-05 10:47:02 AM >>>>=======================

* Heading: Method complete_action has returned false 
* Current Page: https://app.humandesign.ai/membership/?automator_trigger_id=483340&automator_nonce=4f42952e8a&automator_button_post_id=156772 

===========================<<<< TRACE MESSAGE START >>>>=========================

Array
(
)


===========================<<<< TRACE MESSAGE END >>>>==========================




===========================<<<< 2024-08-05 10:47:02 AM >>>>=======================

* Heading: Method complete_action has returned false 
* Current Page: https://app.humandesign.ai/membership/?automator_trigger_id=483340&automator_nonce=4f42952e8a&automator_button_post_id=156772 

===========================<<<< TRACE MESSAGE START >>>>=========================

Array
(
)


===========================<<<< TRACE MESSAGE END >>>>==========================




===========================<<<< 2024-08-07 11:48:59 AM >>>>=======================

* Heading: Method complete_action has returned false 
* Current Page: https://app.humandesign.ai/wp-admin/admin-ajax.php?t=1723002537468 

===========================<<<< TRACE MESSAGE START >>>>=========================

Array
(
    [0] => Action was skipped by uap_before_action_executed filter
)


===========================<<<< TRACE MESSAGE END >>>>==========================




===========================<<<< 2024-08-07 11:48:59 AM >>>>=======================

* Heading: Method complete_action has returned false 
* Current Page: https://app.humandesign.ai/wp-admin/admin-ajax.php?t=1723002537468 

===========================<<<< TRACE MESSAGE START >>>>=========================

Array
(
    [0] => Action was skipped by uap_before_action_executed filter
    [1] => Action was skipped by uap_before_action_executed filter
)


===========================<<<< TRACE MESSAGE END >>>>==========================




===========================<<<< 2024-08-07 11:48:59 AM >>>>=======================

* Heading: Method complete_action has returned false 
* Current Page: https://app.humandesign.ai/wp-admin/admin-ajax.php?t=1723002537468 

===========================<<<< TRACE MESSAGE START >>>>=========================

Array
(
    [0] => Action was skipped by uap_before_action_executed filter
    [1] => Action was skipped by uap_before_action_executed filter
    [2] => Action was skipped by uap_before_action_executed filter
)


===========================<<<< TRACE MESSAGE END >>>>==========================




===========================<<<< 2024-08-07 11:57:53 AM >>>>=======================

* Heading: Method complete_action has returned false 
* Current Page: https://app.humandesign.ai/wp-admin/admin-ajax.php?t=1723003071653 

===========================<<<< TRACE MESSAGE START >>>>=========================

Array
(
    [0] => Action was skipped by uap_before_action_executed filter
)


===========================<<<< TRACE MESSAGE END >>>>==========================




===========================<<<< 2024-08-07 11:57:53 AM >>>>=======================

* Heading: Method complete_action has returned false 
* Current Page: https://app.humandesign.ai/wp-admin/admin-ajax.php?t=1723003071653 

===========================<<<< TRACE MESSAGE START >>>>=========================

Array
(
    [0] => Action was skipped by uap_before_action_executed filter
    [1] => Action was skipped by uap_before_action_executed filter
)


===========================<<<< TRACE MESSAGE END >>>>==========================




===========================<<<< 2024-08-07 11:57:53 AM >>>>=======================

* Heading: Method complete_action has returned false 
* Current Page: https://app.humandesign.ai/wp-admin/admin-ajax.php?t=1723003071653 

===========================<<<< TRACE MESSAGE START >>>>=========================

Array
(
    [0] => Action was skipped by uap_before_action_executed filter
    [1] => Action was skipped by uap_before_action_executed filter
    [2] => Action was skipped by uap_before_action_executed filter
)


===========================<<<< TRACE MESSAGE END >>>>==========================




===========================<<<< 2024-08-07 12:20:17 PM >>>>=======================

* Heading: Method complete_action has returned false 
* Current Page: https://app.humandesign.ai/wp-admin/admin-ajax.php?t=1723004415848 

===========================<<<< TRACE MESSAGE START >>>>=========================

Array
(
)


===========================<<<< TRACE MESSAGE END >>>>==========================




===========================<<<< 2024-08-07 12:49:43 PM >>>>=======================

* Heading: Method complete_action has returned false 
* Current Page: https://app.humandesign.ai/wp-admin/admin-ajax.php?t=1723006181902 

===========================<<<< TRACE MESSAGE START >>>>=========================

Array
(
)


===========================<<<< TRACE MESSAGE END >>>>==========================




===========================<<<< 2024-08-07 13:25:47 PM >>>>=======================

* Heading: Method complete_action has returned false 
* Current Page: https://app.humandesign.ai/wp-admin/admin-ajax.php 

===========================<<<< TRACE MESSAGE START >>>>=========================

Array
(
    [0] => Action was skipped by uap_before_action_executed filter
)


===========================<<<< TRACE MESSAGE END >>>>==========================


