

===========================<<<< 2024-08-01 09:10:07 AM >>>>=======================

* Heading:  
* Current Page: https://app.humandesign.ai/wp-json/uap/v2/uap-399488-399489 

===========================<<<< TRACE MESSAGE START >>>>=========================

array_key_exists(): Argument #2 ($array) must be of type array, stdClass given

===========================<<<< TRACE MESSAGE END >>>>==========================




===========================<<<< 2024-08-01 11:30:09 AM >>>>=======================

* Heading:  
* Current Page: https://app.humandesign.ai/wp-json/uap/v2/uap-399488-399489 

===========================<<<< TRACE MESSAGE START >>>>=========================

array_key_exists(): Argument #2 ($array) must be of type array, stdClass given

===========================<<<< TRACE MESSAGE END >>>>==========================




===========================<<<< 2024-08-01 11:40:06 AM >>>>=======================

* Heading:  
* Current Page: https://app.humandesign.ai/wp-json/uap/v2/uap-399488-399489 

===========================<<<< TRACE MESSAGE START >>>>=========================

array_key_exists(): Argument #2 ($array) must be of type array, stdClass given

===========================<<<< TRACE MESSAGE END >>>>==========================




===========================<<<< 2024-08-01 11:50:39 AM >>>>=======================

* Heading:  
* Current Page: https://app.humandesign.ai/wp-json/uap/v2/uap-399488-399489 

===========================<<<< TRACE MESSAGE START >>>>=========================

array_key_exists(): Argument #2 ($array) must be of type array, stdClass given

===========================<<<< TRACE MESSAGE END >>>>==========================




===========================<<<< 2024-08-01 11:55:32 AM >>>>=======================

* Heading:  
* Current Page: https://app.humandesign.ai/wp-json/uap/v2/uap-399488-399489 

===========================<<<< TRACE MESSAGE START >>>>=========================

array_key_exists(): Argument #2 ($array) must be of type array, stdClass given

===========================<<<< TRACE MESSAGE END >>>>==========================




===========================<<<< 2024-08-01 14:17:16 PM >>>>=======================

* Heading:  
* Current Page: https://app.humandesign.ai/wp-json/uap/v2/uap-399488-399489 

===========================<<<< TRACE MESSAGE START >>>>=========================

array_key_exists(): Argument #2 ($array) must be of type array, stdClass given

===========================<<<< TRACE MESSAGE END >>>>==========================




===========================<<<< 2024-08-01 18:00:33 PM >>>>=======================

* Heading:  
* Current Page: https://app.humandesign.ai/wp-json/uap/v2/uap-399488-399489 

===========================<<<< TRACE MESSAGE START >>>>=========================

array_key_exists(): Argument #2 ($array) must be of type array, stdClass given

===========================<<<< TRACE MESSAGE END >>>>==========================




===========================<<<< 2024-08-01 18:04:34 PM >>>>=======================

* Heading:  
* Current Page: https://app.humandesign.ai/wp-json/uap/v2/uap-399488-399489 

===========================<<<< TRACE MESSAGE START >>>>=========================

array_key_exists(): Argument #2 ($array) must be of type array, stdClass given

===========================<<<< TRACE MESSAGE END >>>>==========================




===========================<<<< 2024-08-01 18:05:38 PM >>>>=======================

* Heading:  
* Current Page: https://app.humandesign.ai/wp-json/uap/v2/uap-399488-399489 

===========================<<<< TRACE MESSAGE START >>>>=========================

array_key_exists(): Argument #2 ($array) must be of type array, stdClass given

===========================<<<< TRACE MESSAGE END >>>>==========================




===========================<<<< 2024-08-01 19:05:29 PM >>>>=======================

* Heading:  
* Current Page: https://app.humandesign.ai/wp-json/uap/v2/uap-399488-399489 

===========================<<<< TRACE MESSAGE START >>>>=========================

array_key_exists(): Argument #2 ($array) must be of type array, stdClass given

===========================<<<< TRACE MESSAGE END >>>>==========================




===========================<<<< 2024-08-02 05:59:49 AM >>>>=======================

* Heading:  
* Current Page: https://app.humandesign.ai/wp-json/uap/v2/uap-399488-399489 

===========================<<<< TRACE MESSAGE START >>>>=========================

array_key_exists(): Argument #2 ($array) must be of type array, stdClass given

===========================<<<< TRACE MESSAGE END >>>>==========================




===========================<<<< 2024-08-02 06:32:46 AM >>>>=======================

* Heading:  
* Current Page: https://app.humandesign.ai/wp-json/uap/v2/uap-399488-399489 

===========================<<<< TRACE MESSAGE START >>>>=========================

array_key_exists(): Argument #2 ($array) must be of type array, stdClass given

===========================<<<< TRACE MESSAGE END >>>>==========================




===========================<<<< 2024-08-02 08:59:31 AM >>>>=======================

* Heading:  
* Current Page: https://app.humandesign.ai/wp-json/uap/v2/uap-399488-399489 

===========================<<<< TRACE MESSAGE START >>>>=========================

array_key_exists(): Argument #2 ($array) must be of type array, stdClass given

===========================<<<< TRACE MESSAGE END >>>>==========================




===========================<<<< 2024-08-04 08:52:47 AM >>>>=======================

* Heading:  
* Current Page: https://app.humandesign.ai/wp-json/uap/v2/uap-399488-399489 

===========================<<<< TRACE MESSAGE START >>>>=========================

array_key_exists(): Argument #2 ($array) must be of type array, stdClass given

===========================<<<< TRACE MESSAGE END >>>>==========================




===========================<<<< 2024-08-04 21:29:29 PM >>>>=======================

* Heading:  
* Current Page: https://app.humandesign.ai/wp-json/uap/v2/uap-399488-399489 

===========================<<<< TRACE MESSAGE START >>>>=========================

array_key_exists(): Argument #2 ($array) must be of type array, stdClass given

===========================<<<< TRACE MESSAGE END >>>>==========================




===========================<<<< 2024-08-04 21:54:28 PM >>>>=======================

* Heading:  
* Current Page: https://app.humandesign.ai/wp-json/uap/v2/uap-399488-399489 

===========================<<<< TRACE MESSAGE START >>>>=========================

array_key_exists(): Argument #2 ($array) must be of type array, stdClass given

===========================<<<< TRACE MESSAGE END >>>>==========================




===========================<<<< 2024-08-04 21:54:50 PM >>>>=======================

* Heading:  
* Current Page: https://app.humandesign.ai/wp-json/uap/v2/uap-399488-399489 

===========================<<<< TRACE MESSAGE START >>>>=========================

array_key_exists(): Argument #2 ($array) must be of type array, stdClass given

===========================<<<< TRACE MESSAGE END >>>>==========================




===========================<<<< 2024-08-04 21:59:48 PM >>>>=======================

* Heading:  
* Current Page: https://app.humandesign.ai/wp-json/uap/v2/uap-399488-399489 

===========================<<<< TRACE MESSAGE START >>>>=========================

array_key_exists(): Argument #2 ($array) must be of type array, stdClass given

===========================<<<< TRACE MESSAGE END >>>>==========================




===========================<<<< 2024-08-04 22:04:40 PM >>>>=======================

* Heading:  
* Current Page: https://app.humandesign.ai/wp-json/uap/v2/uap-399488-399489 

===========================<<<< TRACE MESSAGE START >>>>=========================

array_key_exists(): Argument #2 ($array) must be of type array, stdClass given

===========================<<<< TRACE MESSAGE END >>>>==========================




===========================<<<< 2024-08-04 22:05:10 PM >>>>=======================

* Heading:  
* Current Page: https://app.humandesign.ai/wp-json/uap/v2/uap-399488-399489 

===========================<<<< TRACE MESSAGE START >>>>=========================

array_key_exists(): Argument #2 ($array) must be of type array, stdClass given

===========================<<<< TRACE MESSAGE END >>>>==========================




===========================<<<< 2024-08-05 11:09:01 AM >>>>=======================

* Heading:  
* Current Page: https://app.humandesign.ai/wp-json/uap/v2/uap-399488-399489 

===========================<<<< TRACE MESSAGE START >>>>=========================

array_key_exists(): Argument #2 ($array) must be of type array, stdClass given

===========================<<<< TRACE MESSAGE END >>>>==========================




===========================<<<< 2024-08-05 12:22:31 PM >>>>=======================

* Heading:  
* Current Page: https://app.humandesign.ai/wp-json/uap/v2/uap-399488-399489 

===========================<<<< TRACE MESSAGE START >>>>=========================

array_key_exists(): Argument #2 ($array) must be of type array, stdClass given

===========================<<<< TRACE MESSAGE END >>>>==========================




===========================<<<< 2024-08-05 20:16:31 PM >>>>=======================

* Heading:  
* Current Page: https://app.humandesign.ai/wp-json/uap/v2/uap-399488-399489 

===========================<<<< TRACE MESSAGE START >>>>=========================

array_key_exists(): Argument #2 ($array) must be of type array, stdClass given

===========================<<<< TRACE MESSAGE END >>>>==========================




===========================<<<< 2024-08-06 03:56:14 AM >>>>=======================

* Heading:  
* Current Page: https://app.humandesign.ai/wp-json/uap/v2/uap-399488-399489 

===========================<<<< TRACE MESSAGE START >>>>=========================

array_key_exists(): Argument #2 ($array) must be of type array, stdClass given

===========================<<<< TRACE MESSAGE END >>>>==========================




===========================<<<< 2024-08-06 03:57:30 AM >>>>=======================

* Heading:  
* Current Page: https://app.humandesign.ai/wp-json/uap/v2/uap-399488-399489 

===========================<<<< TRACE MESSAGE START >>>>=========================

array_key_exists(): Argument #2 ($array) must be of type array, stdClass given

===========================<<<< TRACE MESSAGE END >>>>==========================




===========================<<<< 2024-08-06 03:58:35 AM >>>>=======================

* Heading:  
* Current Page: https://app.humandesign.ai/wp-json/uap/v2/uap-399488-399489 

===========================<<<< TRACE MESSAGE START >>>>=========================

array_key_exists(): Argument #2 ($array) must be of type array, stdClass given

===========================<<<< TRACE MESSAGE END >>>>==========================




===========================<<<< 2024-08-06 11:07:29 AM >>>>=======================

* Heading:  
* Current Page: https://app.humandesign.ai/wp-json/uap/v2/uap-485880-485881 

===========================<<<< TRACE MESSAGE START >>>>=========================

array_key_exists(): Argument #2 ($array) must be of type array, stdClass given

===========================<<<< TRACE MESSAGE END >>>>==========================




===========================<<<< 2024-08-06 11:09:40 AM >>>>=======================

* Heading:  
* Current Page: https://app.humandesign.ai/wp-json/uap/v2/uap-485880-485881 

===========================<<<< TRACE MESSAGE START >>>>=========================

array_key_exists(): Argument #2 ($array) must be of type array, stdClass given

===========================<<<< TRACE MESSAGE END >>>>==========================




===========================<<<< 2024-08-06 11:21:05 AM >>>>=======================

* Heading:  
* Current Page: https://app.humandesign.ai/wp-json/uap/v2/uap-485880-485881 

===========================<<<< TRACE MESSAGE START >>>>=========================

array_key_exists(): Argument #2 ($array) must be of type array, stdClass given

===========================<<<< TRACE MESSAGE END >>>>==========================




===========================<<<< 2024-08-06 13:38:46 PM >>>>=======================

* Heading:  
* Current Page: https://app.humandesign.ai/wp-json/uap/v2/uap-485880-485881 

===========================<<<< TRACE MESSAGE START >>>>=========================

array_key_exists(): Argument #2 ($array) must be of type array, stdClass given

===========================<<<< TRACE MESSAGE END >>>>==========================




===========================<<<< 2024-08-07 07:39:10 AM >>>>=======================

* Heading:  
* Current Page: https://app.humandesign.ai/wp-json/uap/v2/uap-399488-399489 

===========================<<<< TRACE MESSAGE START >>>>=========================

array_key_exists(): Argument #2 ($array) must be of type array, stdClass given

===========================<<<< TRACE MESSAGE END >>>>==========================




===========================<<<< 2024-08-07 07:44:33 AM >>>>=======================

* Heading:  
* Current Page: https://app.humandesign.ai/wp-json/uap/v2/uap-399488-399489 

===========================<<<< TRACE MESSAGE START >>>>=========================

array_key_exists(): Argument #2 ($array) must be of type array, stdClass given

===========================<<<< TRACE MESSAGE END >>>>==========================




===========================<<<< 2024-08-07 14:10:37 PM >>>>=======================

* Heading:  
* Current Page: https://app.humandesign.ai/wp-json/uap/v2/uap-399488-399489 

===========================<<<< TRACE MESSAGE START >>>>=========================

array_key_exists(): Argument #2 ($array) must be of type array, stdClass given

===========================<<<< TRACE MESSAGE END >>>>==========================


